<?xml version="1.0" encoding="UTF-8"?>
<!-- Generated by org.testng.reporters.JUnitReportReporter -->
<testsuite skipped="0" hostname="ASUS" name="Test.PlayOffTest" tests="1" failures="0" timestamp="2020-01-24T10:56:03 COT" time="8.723" errors="0">
  <testcase name="test1" time="8.723" classname="Test.PlayOffTest"/>
</testsuite> <!-- Test.PlayOffTest -->
